<html>
<head>
<title>TestNG:  Different testing Feature Test</title>
<link href="../testng.css" rel="stylesheet" type="text/css" />
<link href="../my-testng.css" rel="stylesheet" type="text/css" />

<style type="text/css">
.log { display: none;} 
.stack-trace { display: none;} 
</style>
<script type="text/javascript">
<!--
function flip(e) {
  current = e.style.display;
  if (current == 'block') {
    e.style.display = 'none';
    return 0;
  }
  else {
    e.style.display = 'block';
    return 1;
  }
}

function toggleBox(szDivId, elem, msg1, msg2)
{
  var res = -1;  if (document.getElementById) {
    res = flip(document.getElementById(szDivId));
  }
  else if (document.all) {
    // this is the way old msie versions work
    res = flip(document.all[szDivId]);
  }
  if(elem) {
    if(res == 0) elem.innerHTML = msg1; else elem.innerHTML = msg2;
  }

}

function toggleAllBoxes() {
  if (document.getElementsByTagName) {
    d = document.getElementsByTagName('div');
    for (i = 0; i < d.length; i++) {
      if (d[i].className == 'log') {
        flip(d[i]);
      }
    }
  }
}

// -->
</script>

</head>
<body>
<h2 align='center'>Different testing Feature Test</h2><table border='1' align="center">
<tr>
<td>Tests passed/Failed/Skipped:</td><td>20/2/0</td>
</tr><tr>
<td>Started on:</td><td>Sun Dec 15 17:19:28 CST 2019</td>
</tr>
<tr><td>Total time:</td><td>104 seconds (104754 ms)</td>
</tr><tr>
<td>Included groups:</td><td></td>
</tr><tr>
<td>Excluded groups:</td><td></td>
</tr>
</table><p/>
<small><i>(Hover the method name to see the test class name)</i></small><p/>
<table width='100%' border='1' class='invocation-failed'>
<tr><td colspan='4' align='center'><b>FAILED TESTS</b></td></tr>
<tr><td><b>Test method</b></td>
<td width="30%"><b>Exception</b></td>
<td width="10%"><b>Time (seconds)</b></td>
<td><b>Instance</b></td>
</tr>
<tr>
<td title='com.test.GoogleTitleTest.googletitle()'><b>googletitle</b><br>Test class: com.test.GoogleTitleTest</td>
<td><div><pre>java.lang.AssertionError: Title is not matched expected [Google66] but found [Google]
	at com.test.GoogleTitleTest.googletitle(GoogleTitleTest.java:34)
	at java.base/java.util.ArrayList.forEach(ArrayList.java:1507)
... Removed 31 stack frames</pre></div><a href='#' onClick='toggleBox("stack-trace972843820", this, "Click to show all stack frames", "Click to hide stack frames")'>Click to show all stack frames</a>
<div class='stack-trace' id='stack-trace972843820'><pre>java.lang.AssertionError: Title is not matched expected [Google66] but found [Google]
	at org.testng.Assert.fail(Assert.java:97)
	at org.testng.Assert.assertEqualsImpl(Assert.java:136)
	at org.testng.Assert.assertEquals(Assert.java:118)
	at org.testng.Assert.assertEquals(Assert.java:575)
	at com.test.GoogleTitleTest.googletitle(GoogleTitleTest.java:34)
	at java.base/jdk.internal.reflect.NativeMethodAccessorImpl.invoke0(Native Method)
	at java.base/jdk.internal.reflect.NativeMethodAccessorImpl.invoke(NativeMethodAccessorImpl.java:62)
	at java.base/jdk.internal.reflect.DelegatingMethodAccessorImpl.invoke(DelegatingMethodAccessorImpl.java:43)
	at java.base/java.lang.reflect.Method.invoke(Method.java:567)
	at org.testng.internal.MethodInvocationHelper.invokeMethod(MethodInvocationHelper.java:133)
	at org.testng.internal.TestInvoker.invokeMethod(TestInvoker.java:584)
	at org.testng.internal.TestInvoker.invokeTestMethod(TestInvoker.java:172)
	at org.testng.internal.MethodRunner.runInSequence(MethodRunner.java:46)
	at org.testng.internal.TestInvoker$MethodInvocationAgent.invoke(TestInvoker.java:804)
	at org.testng.internal.TestInvoker.invokeTestMethods(TestInvoker.java:145)
	at org.testng.internal.TestMethodWorker.invokeTestMethods(TestMethodWorker.java:146)
	at org.testng.internal.TestMethodWorker.run(TestMethodWorker.java:128)
	at java.base/java.util.ArrayList.forEach(ArrayList.java:1507)
	at org.testng.TestRunner.privateRun(TestRunner.java:770)
	at org.testng.TestRunner.run(TestRunner.java:591)
	at org.testng.SuiteRunner.runTest(SuiteRunner.java:402)
	at org.testng.SuiteRunner.runSequentially(SuiteRunner.java:396)
	at org.testng.SuiteRunner.privateRun(SuiteRunner.java:355)
	at org.testng.SuiteRunner.run(SuiteRunner.java:304)
	at org.testng.SuiteRunnerWorker.runSuite(SuiteRunnerWorker.java:53)
	at org.testng.SuiteRunnerWorker.run(SuiteRunnerWorker.java:96)
	at org.testng.TestNG.runSuitesSequentially(TestNG.java:1180)
	at org.testng.TestNG.runSuitesLocally(TestNG.java:1102)
	at org.testng.TestNG.runSuites(TestNG.java:1032)
	at org.testng.TestNG.run(TestNG.java:1000)
	at org.testng.remote.AbstractRemoteTestNG.run(AbstractRemoteTestNG.java:115)
	at org.testng.remote.RemoteTestNG.initAndRun(RemoteTestNG.java:251)
	at org.testng.remote.RemoteTestNG.main(RemoteTestNG.java:77)
</pre></div></td>
<td>0</td>
<td>com.test.GoogleTitleTest@402e37bc</td></tr>
<tr>
<td title='com.test.ExceptionTimeoutTest.infinitLoopTest()'><b>infinitLoopTest</b><br>Test class: com.test.ExceptionTimeoutTest</td>
<td><div><pre>java.lang.NumberFormatException: For input string: &quot;100A&quot;
	at java.base/java.lang.NumberFormatException.forInputString(NumberFormatException.java:68)
	at java.base/java.lang.Integer.parseInt(Integer.java:658)
	at java.base/java.lang.Integer.parseInt(Integer.java:776)
	at com.test.ExceptionTimeoutTest.infinitLoopTest(ExceptionTimeoutTest.java:21)
	at java.base/java.util.ArrayList.forEach(ArrayList.java:1507)
... Removed 27 stack frames</pre></div><a href='#' onClick='toggleBox("stack-trace530737374", this, "Click to show all stack frames", "Click to hide stack frames")'>Click to show all stack frames</a>
<div class='stack-trace' id='stack-trace530737374'><pre>java.lang.NumberFormatException: For input string: &quot;100A&quot;
	at java.base/java.lang.NumberFormatException.forInputString(NumberFormatException.java:68)
	at java.base/java.lang.Integer.parseInt(Integer.java:658)
	at java.base/java.lang.Integer.parseInt(Integer.java:776)
	at com.test.ExceptionTimeoutTest.infinitLoopTest(ExceptionTimeoutTest.java:21)
	at java.base/jdk.internal.reflect.NativeMethodAccessorImpl.invoke0(Native Method)
	at java.base/jdk.internal.reflect.NativeMethodAccessorImpl.invoke(NativeMethodAccessorImpl.java:62)
	at java.base/jdk.internal.reflect.DelegatingMethodAccessorImpl.invoke(DelegatingMethodAccessorImpl.java:43)
	at java.base/java.lang.reflect.Method.invoke(Method.java:567)
	at org.testng.internal.MethodInvocationHelper.invokeMethod(MethodInvocationHelper.java:133)
	at org.testng.internal.TestInvoker.invokeMethod(TestInvoker.java:584)
	at org.testng.internal.TestInvoker.invokeTestMethod(TestInvoker.java:172)
	at org.testng.internal.MethodRunner.runInSequence(MethodRunner.java:46)
	at org.testng.internal.TestInvoker$MethodInvocationAgent.invoke(TestInvoker.java:804)
	at org.testng.internal.TestInvoker.invokeTestMethods(TestInvoker.java:145)
	at org.testng.internal.TestMethodWorker.invokeTestMethods(TestMethodWorker.java:146)
	at org.testng.internal.TestMethodWorker.run(TestMethodWorker.java:128)
	at java.base/java.util.ArrayList.forEach(ArrayList.java:1507)
	at org.testng.TestRunner.privateRun(TestRunner.java:770)
	at org.testng.TestRunner.run(TestRunner.java:591)
	at org.testng.SuiteRunner.runTest(SuiteRunner.java:402)
	at org.testng.SuiteRunner.runSequentially(SuiteRunner.java:396)
	at org.testng.SuiteRunner.privateRun(SuiteRunner.java:355)
	at org.testng.SuiteRunner.run(SuiteRunner.java:304)
	at org.testng.SuiteRunnerWorker.runSuite(SuiteRunnerWorker.java:53)
	at org.testng.SuiteRunnerWorker.run(SuiteRunnerWorker.java:96)
	at org.testng.TestNG.runSuitesSequentially(TestNG.java:1180)
	at org.testng.TestNG.runSuitesLocally(TestNG.java:1102)
	at org.testng.TestNG.runSuites(TestNG.java:1032)
	at org.testng.TestNG.run(TestNG.java:1000)
	at org.testng.remote.AbstractRemoteTestNG.run(AbstractRemoteTestNG.java:115)
	at org.testng.remote.RemoteTestNG.initAndRun(RemoteTestNG.java:251)
	at org.testng.remote.RemoteTestNG.main(RemoteTestNG.java:77)
</pre></div></td>
<td>0</td>
<td>com.test.ExceptionTimeoutTest@27c86f2d</td></tr>
</table><p>
<table width='100%' border='1' class='invocation-passed'>
<tr><td colspan='4' align='center'><b>PASSED TESTS</b></td></tr>
<tr><td><b>Test method</b></td>
<td width="30%"><b>Exception</b></td>
<td width="10%"><b>Time (seconds)</b></td>
<td><b>Instance</b></td>
</tr>
<tr>
<td title='com.test.TestNgBasics.SearchTest()'><b>SearchTest</b><br>Test class: com.test.TestNgBasics</td>
<td></td>
<td>0</td>
<td>com.test.TestNgBasics@6b4a4e18</td></tr>
<tr>
<td title='com.test.TestNGFeatures.Test1()'><b>Test1</b><br>Test class: com.test.TestNGFeatures</td>
<td></td>
<td>0</td>
<td>com.test.TestNGFeatures@1df82230</td></tr>
<tr>
<td title='com.test.TestNGFeatures.Test2()'><b>Test2</b><br>Test class: com.test.TestNGFeatures</td>
<td></td>
<td>0</td>
<td>com.test.TestNGFeatures@1df82230</td></tr>
<tr>
<td title='com.test.TestNgBasics.googleTitleTest()'><b>googleTitleTest</b><br>Test class: com.test.TestNgBasics</td>
<td></td>
<td>0</td>
<td>com.test.TestNgBasics@6b4a4e18</td></tr>
<tr>
<td title='com.test.GoogleTest.googlelogotest()'><b>googlelogotest</b><br>Test class: com.test.GoogleTest</td>
<td></td>
<td>0</td>
<td>com.test.GoogleTest@197d671</td></tr>
<tr>
<td title='com.test.GoogleTest.googletitle()'><b>googletitle</b><br>Test class: com.test.GoogleTest</td>
<td></td>
<td>0</td>
<td>com.test.GoogleTest@197d671</td></tr>
<tr>
<td title='com.test.GoogleTest.maillist()'><b>maillist</b><br>Test class: com.test.GoogleTest</td>
<td></td>
<td>0</td>
<td>com.test.GoogleTest@197d671</td></tr>
<tr>
<td title='com.test.InvokationCountTest.sum()'><b>sum</b><br>Test class: com.test.InvokationCountTest</td>
<td></td>
<td>0</td>
<td>com.test.InvokationCountTest@79ad8b2f</td></tr>
<tr>
<td title='com.test.InvokationCountTest.sum()'><b>sum</b><br>Test class: com.test.InvokationCountTest</td>
<td></td>
<td>0</td>
<td>com.test.InvokationCountTest@79ad8b2f</td></tr>
<tr>
<td title='com.test.InvokationCountTest.sum()'><b>sum</b><br>Test class: com.test.InvokationCountTest</td>
<td></td>
<td>0</td>
<td>com.test.InvokationCountTest@79ad8b2f</td></tr>
<tr>
<td title='com.test.InvokationCountTest.sum()'><b>sum</b><br>Test class: com.test.InvokationCountTest</td>
<td></td>
<td>0</td>
<td>com.test.InvokationCountTest@79ad8b2f</td></tr>
<tr>
<td title='com.test.InvokationCountTest.sum()'><b>sum</b><br>Test class: com.test.InvokationCountTest</td>
<td></td>
<td>0</td>
<td>com.test.InvokationCountTest@79ad8b2f</td></tr>
<tr>
<td title='com.test.InvokationCountTest.sum()'><b>sum</b><br>Test class: com.test.InvokationCountTest</td>
<td></td>
<td>0</td>
<td>com.test.InvokationCountTest@79ad8b2f</td></tr>
<tr>
<td title='com.test.InvokationCountTest.sum()'><b>sum</b><br>Test class: com.test.InvokationCountTest</td>
<td></td>
<td>0</td>
<td>com.test.InvokationCountTest@79ad8b2f</td></tr>
<tr>
<td title='com.test.InvokationCountTest.sum()'><b>sum</b><br>Test class: com.test.InvokationCountTest</td>
<td></td>
<td>0</td>
<td>com.test.InvokationCountTest@79ad8b2f</td></tr>
<tr>
<td title='com.test.InvokationCountTest.sum()'><b>sum</b><br>Test class: com.test.InvokationCountTest</td>
<td></td>
<td>0</td>
<td>com.test.InvokationCountTest@79ad8b2f</td></tr>
<tr>
<td title='com.test.InvokationCountTest.sum()'><b>sum</b><br>Test class: com.test.InvokationCountTest</td>
<td></td>
<td>0</td>
<td>com.test.InvokationCountTest@79ad8b2f</td></tr>
<tr>
<td title='com.test.GoogleTest.test1()'><b>test1</b><br>Test class: com.test.GoogleTest</td>
<td></td>
<td>0</td>
<td>com.test.GoogleTest@197d671</td></tr>
<tr>
<td title='com.test.GoogleTest.test2()'><b>test2</b><br>Test class: com.test.GoogleTest</td>
<td></td>
<td>0</td>
<td>com.test.GoogleTest@197d671</td></tr>
<tr>
<td title='com.test.GoogleTest.test3()'><b>test3</b><br>Test class: com.test.GoogleTest</td>
<td></td>
<td>0</td>
<td>com.test.GoogleTest@197d671</td></tr>
</table><p>
</body>
</html>