<?xml version="1.0" encoding="UTF-8"?>
<!-- Generated by org.testng.reporters.JUnitXMLReporter -->
<testsuite ignored="0" hostname="DESKTOP-SFK9CP8" failures="2" tests="22" name="Different testing Feature Test" time="104.754" errors="0" timestamp="2019-12-15T17:21:12 CST">
  <testcase classname="com.test.ExceptionTimeoutTest" name="infinitLoopTest" time="0.006">
    <failure type="java.lang.NumberFormatException" message="For input string: &amp;quot;100A&amp;quot;">
      <![CDATA[java.lang.NumberFormatException: For input string: "100A"
at java.base/java.lang.NumberFormatException.forInputString(NumberFormatException.java:68)
at java.base/java.lang.Integer.parseInt(Integer.java:658)
at java.base/java.lang.Integer.parseInt(Integer.java:776)
at com.test.ExceptionTimeoutTest.infinitLoopTest(ExceptionTimeoutTest.java:21)
at java.base/java.util.ArrayList.forEach(ArrayList.java:1507)
... Removed 27 stack frames]]>
    </failure>
  </testcase> <!-- infinitLoopTest -->
  <testcase classname="com.test.GoogleTest" name="googletitle" time="0.012"/>
  <testcase classname="com.test.GoogleTest" name="maillist" time="0.09"/>
  <testcase classname="com.test.GoogleTest" name="googlelogotest" time="0.049"/>
  <testcase classname="com.test.GoogleTest" name="test1" time="0.001"/>
  <testcase classname="com.test.GoogleTest" name="test2" time="0.002"/>
  <testcase classname="com.test.GoogleTest" name="test3" time="0.001"/>
  <testcase classname="com.test.GoogleTitleTest" name="googletitle" time="0.011">
    <failure type="java.lang.AssertionError" message="Title is not matched expected [Google66] but found [Google]">
      <![CDATA[java.lang.AssertionError: Title is not matched expected [Google66] but found [Google]
at com.test.GoogleTitleTest.googletitle(GoogleTitleTest.java:34)
at java.base/java.util.ArrayList.forEach(ArrayList.java:1507)
... Removed 31 stack frames]]>
    </failure>
  </testcase> <!-- googletitle -->
  <testcase classname="com.test.InvokationCountTest" name="sum" time="0.003"/>
  <testcase classname="com.test.InvokationCountTest" name="sum" time="0.008"/>
  <testcase classname="com.test.InvokationCountTest" name="sum" time="0.002"/>
  <testcase classname="com.test.InvokationCountTest" name="sum" time="0.003"/>
  <testcase classname="com.test.InvokationCountTest" name="sum" time="0.003"/>
  <testcase classname="com.test.InvokationCountTest" name="sum" time="0.001"/>
  <testcase classname="com.test.InvokationCountTest" name="sum" time="0.001"/>
  <testcase classname="com.test.InvokationCountTest" name="sum" time="0.001"/>
  <testcase classname="com.test.InvokationCountTest" name="sum" time="0.001"/>
  <testcase classname="com.test.InvokationCountTest" name="sum" time="0.001"/>
  <testcase classname="com.test.TestNgBasics" name="SearchTest" time="0.001"/>
  <testcase classname="com.test.TestNgBasics" name="googleTitleTest" time="0.009"/>
  <testcase classname="com.test.TestNGFeatures" name="Test1" time="0.002"/>
  <testcase classname="com.test.TestNGFeatures" name="Test2" time="0.002"/>
</testsuite> <!-- Different testing Feature Test -->
